[debug] [2022-10-11T14:49:19.306Z] ----------------------------------------------------------------------
[debug] [2022-10-11T14:49:19.309Z] Command:       C:\Program Files\nodejs\node.exe C:\Users\JAIDEEP\AppData\Roaming\npm\node_modules\firebase-tools\lib\bin\firebase.js init
[debug] [2022-10-11T14:49:19.310Z] CLI Version:   11.14.1
[debug] [2022-10-11T14:49:19.310Z] Platform:      win32
[debug] [2022-10-11T14:49:19.310Z] Node Version:  v16.16.0
[debug] [2022-10-11T14:49:19.311Z] Time:          Tue Oct 11 2022 20:19:19 GMT+0530 (India Standard Time)
[debug] [2022-10-11T14:49:19.312Z] ----------------------------------------------------------------------
[debug] 
[debug] [2022-10-11T14:49:19.322Z] > command requires scopes: ["email","openid","https://www.googleapis.com/auth/cloudplatformprojects.readonly","https://www.googleapis.com/auth/firebase","https://www.googleapis.com/auth/cloud-platform"]
[debug] [2022-10-11T14:49:19.322Z] > authorizing via signed-in user (jdghungharwal04@gmail.com)
[info] 
     ######## #### ########  ######## ########     ###     ######  ########
     ##        ##  ##     ## ##       ##     ##  ##   ##  ##       ##
     ######    ##  ########  ######   ########  #########  ######  ######
     ##        ##  ##    ##  ##       ##     ## ##     ##       ## ##
     ##       #### ##     ## ######## ########  ##     ##  ######  ########

You're about to initialize a Firebase project in this directory:

  C:\Users\JAIDEEP\OneDrive\Desktop\Codes\netflix-clone

[info] 
=== Project Setup
[info] 
[info] First, let's associate this project directory with a Firebase project.
[info] You can create multiple project aliases by running firebase use --add, 
[info] but for now we'll just set up a default project.
[info] 
